<?xml version='1.0' encoding='UTF-8'?>
<testsuite hostname="ASGLH-WL-19975" name="com.adthena.shoppingbasket.domain.BasketBuilderSpec" tests="5" errors="0" failures="0" skipped="0" time="0.056" timestamp="2020-12-06T23:34:07">
                     <properties>
[...]
</properties>
                     <testcase classname="com.adthena.shoppingbasket.domain.BasketBuilderSpec" name="checkoutFinalTotal should return Zero when Basket is Empty" time="0.035">
                                                 
                                               </testcase><testcase classname="com.adthena.shoppingbasket.domain.BasketBuilderSpec" name="checkoutFinalTotal should correctly price 2 Apples" time="0.019">
                                                 
                                               </testcase><testcase classname="com.adthena.shoppingbasket.domain.BasketBuilderSpec" name="checkoutFinalTotal should correctly price 2 Apples, Milk" time="0.001">
                                                 
                                               </testcase><testcase classname="com.adthena.shoppingbasket.domain.BasketBuilderSpec" name="checkoutFinalTotal should correctly price 2 Apples, Soup" time="0.0">
                                                 
                                               </testcase><testcase classname="com.adthena.shoppingbasket.domain.BasketBuilderSpec" name="checkoutFinalTotal should correctly price 2 Apples, 2 Soup" time="0.001">
                                                 
                                               </testcase>
                     <system-out><![CDATA[]]></system-out>
                     <system-err><![CDATA[]]></system-err>
                   </testsuite>